[debug] [2023-01-16T17:29:17.014Z] ----------------------------------------------------------------------
[debug] [2023-01-16T17:29:17.015Z] Command:       /Users/simon/.nvm/versions/node/v18.7.0/bin/node /Users/simon/.nvm/versions/node/v18.7.0/bin/firebase init hosting:github
[debug] [2023-01-16T17:29:17.015Z] CLI Version:   11.20.0
[debug] [2023-01-16T17:29:17.015Z] Platform:      darwin
[debug] [2023-01-16T17:29:17.015Z] Node Version:  v18.7.0
[debug] [2023-01-16T17:29:17.016Z] Time:          Mon Jan 16 2023 12:29:17 GMT-0500 (Eastern Standard Time)
[debug] [2023-01-16T17:29:17.016Z] ----------------------------------------------------------------------
[debug] 
[debug] [2023-01-16T17:29:17.045Z] > command requires scopes: ["email","openid","https://www.googleapis.com/auth/cloudplatformprojects.readonly","https://www.googleapis.com/auth/firebase","https://www.googleapis.com/auth/cloud-platform"]
[debug] [2023-01-16T17:29:17.045Z] > authorizing via signed-in user (simon@retna.bio)
[info] 
     ######## #### ########  ######## ########     ###     ######  ########
     ##        ##  ##     ## ##       ##     ##  ##   ##  ##       ##
     ######    ##  ########  ######   ########  #########  ######  ######
     ##        ##  ##    ##  ##       ##     ## ##     ##       ## ##
     ##       #### ##     ## ######## ########  ##     ##  ######  ########

You're about to initialize a Firebase project in this directory:

  /Users/simon/Code/retna-bio

Before we get started, keep in mind:

  * You are initializing within an existing Firebase project directory

[info] 
=== Project Setup
[info] 
[info] First, let's associate this project directory with a Firebase project.
[info] You can create multiple project aliases by running firebase use --add, 
[info] but for now we'll just set up a default project.
[info] 
[debug] [2023-01-16T17:29:17.046Z] Using project from CLI flag: doelsnitz7
[debug] [2023-01-16T17:29:17.047Z] >>> [apiv2][query] GET https://firebase.googleapis.com/v1beta1/projects/doelsnitz7 [none]
[debug] [2023-01-16T17:29:17.502Z] <<< [apiv2][status] GET https://firebase.googleapis.com/v1beta1/projects/doelsnitz7 200
[debug] [2023-01-16T17:29:17.502Z] <<< [apiv2][body] GET https://firebase.googleapis.com/v1beta1/projects/doelsnitz7 {"projectId":"doelsnitz7","projectNumber":"350417517685","displayName":"Personal","name":"projects/doelsnitz7","resources":{"hostingSite":"doelsnitz7"},"state":"ACTIVE","etag":"1_20488823-0c3b-488d-ac00-e173aea4c4bf"}
[info] i  Using project doelsnitz7 (Personal) 
[info] 
=== Hosting:github Setup
[info] 
[info] i  Detected a .git folder at /Users/simon/Code/retna-bio 
[info] i  Authorizing with GitHub to upload your service account to a GitHub repository's secrets store. 
[info] 
[info] Visit this URL on this device to log in:
[info] https://github.com/login/oauth/authorize?client_id=89cf50f02ac6aaed3484&state=634407918&redirect_uri=http%3A%2F%2Flocalhost%3A9005&scope=read%3Auser%20repo%20public_repo
[info] 
[info] Waiting for authentication...
[debug] [2023-01-16T17:29:18.099Z] >>> [apiv2][query] POST https://github.com/login/oauth/access_token [none]
[debug] [2023-01-16T17:29:18.100Z] >>> [apiv2][body] POST https://github.com/login/oauth/access_token [stream]
[debug] [2023-01-16T17:29:18.475Z] <<< [apiv2][status] POST https://github.com/login/oauth/access_token 200
[debug] [2023-01-16T17:29:18.476Z] <<< [apiv2][body] POST https://github.com/login/oauth/access_token {"access_token":"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","token_type":"bearer","scope":"read:user,repo"}
[debug] [2023-01-16T17:29:18.483Z] >>> [apiv2][query] GET https://api.github.com/user [none]
[debug] [2023-01-16T17:29:18.723Z] <<< [apiv2][status] GET https://api.github.com/user 200
[debug] [2023-01-16T17:29:18.723Z] <<< [apiv2][body] GET https://api.github.com/user {"login":"simonsnitz","id":16387251,"node_id":"MDQ6VXNlcjE2Mzg3MjUx","avatar_url":"https://avatars.githubusercontent.com/u/16387251?v=4","gravatar_id":"","url":"https://api.github.com/users/simonsnitz","html_url":"https://github.com/simonsnitz","followers_url":"https://api.github.com/users/simonsnitz/followers","following_url":"https://api.github.com/users/simonsnitz/following{/other_user}","gists_url":"https://api.github.com/users/simonsnitz/gists{/gist_id}","starred_url":"https://api.github.com/users/simonsnitz/starred{/owner}{/repo}","subscriptions_url":"https://api.github.com/users/simonsnitz/subscriptions","organizations_url":"https://api.github.com/users/simonsnitz/orgs","repos_url":"https://api.github.com/users/simonsnitz/repos","events_url":"https://api.github.com/users/simonsnitz/events{/privacy}","received_events_url":"https://api.github.com/users/simonsnitz/received_events","type":"User","site_admin":false,"name":"Simon","company":null,"blog":"","location":"New York","email":null,"hireable":null,"bio":null,"twitter_username":null,"public_repos":4,"public_gists":0,"followers":5,"following":6,"created_at":"2015-12-21T15:53:47Z","updated_at":"2022-11-26T17:07:11Z","private_gists":0,"total_private_repos":18,"owned_private_repos":18,"disk_usage":714951,"collaborators":12,"two_factor_authentication":true,"plan":{"name":"free","space":976562499,"collaborators":0,"private_repos":10000}}
[info] 
[info] ✔  Success! Logged into GitHub as simonsnitz 
[info] 
